proguard-project.txt
# To enable ProGuard in your project, edit project.properties
# to define the proguard.config property as described in that file.
#
# Add project specific ProGuard rules here.
# By default, the flags in this file are appended to flags specified
# in ${sdk.dir}/tools/proguard/proguard-android.txt
# You can edit the include path and order by changing the ProGuard
# include property in project.properties.
#
# For more details, see
#   http://developer.android.com/guide/developing/tools/proguard.html

# Add any project specific keep options here:

# If your project uses WebView with JS, uncomment the following
# and specify the fully qualified class name to the JavaScript interface
# class:
#-keepclassmembers class fqcn.of.javascript.interface.for.webview {
#   public *;
#}

-optimizationpasses 5          # 指定代码的压缩级别
-dontusemixedcaseclassnames   # 是否使用大小写混合
-dontpreverify           # 混淆时是否做预校验
-verbose                # 混淆时是否记录日志
-ignorewarnings
#保持com.umeng.**这个包里面的所有类和所有方法不被混淆。(没有友盟的集成时删除此句)
-optimizations !code/simplification/arithmetic,!field/*,!class/merging/*  # 混淆时所采用的算法

#-libraryjars   libs/VrApi-Loader.aar
#-libraryjars   libs/VrApi-Impl.aar
#-libraryjars   libs/VrAppFramework.aar
#-libraryjars   libs/VrGUI.aar
#-libraryjars   libs/VrLocale.aar
#-libraryjars   libs/VrSound.aar
#-libraryjars   libs/SystemUtils.aar
#-libraryjars   libs/armeabi-v7a/libovrapp.so
#-libraryjars   libs/armeabi-v7a/libvrapi.so
#-libraryjars   libs/BASE64.jar
#-injars   libs/jdom-2.0.5.jar

-keep public class * extends android.app.Activity
-keep public class * extends android.app.Application   # 保持哪些类不被混淆
-keep public class * extends android.app.Service       # 保持哪些类不被混淆
-keep public class * extends android.content.BroadcastReceiver  # 保持哪些类不被混淆
-keep public class * extends android.content.ContentProvider    # 保持哪些类不被混淆
-keep public class * extends android.app.backup.BackupAgentHelper # 保持哪些类不被混淆
-keep public class * extends android.preference.Preference        # 保持哪些类不被混淆
-keep public class com.android.vending.licensing.ILicensingService    # 保持哪些类不被混淆

-keep class org.w3c.** {*;}
-keep class org.xml.** {*;}
-keep class javax.xml.** {*;}      # 保持哪些类不被混淆
-keep class javax.crypto.** {*;}
-keep class Decoder.** {*;}

-keepnames class org.w3c.** { *; }
-keepnames class org.xml.** { *; }
-keepnames class javax.xml.** { *; }
-keepnames class javax.crypto.** { *; }
-keepnames class Decoder.** { *; }

-dontwarn org.w3c.**
-dontwarn org.xml.**
-dontwarn javax.xml.**
-dontwarn javax.crypto.**
-dontwarn Decoder.**

-keepclasseswithmembernames class * {  # 保持 native 方法不被混淆
    native <methods>;
}
-keepclasseswithmembers class * {   # 保持自定义控件类不被混淆
    public <init>(android.content.Context, android.util.AttributeSet);
}
-keepclasseswithmembers class * {# 保持自定义控件类不被混淆
    public <init>(android.content.Context, android.util.AttributeSet, int);
}
-keepclassmembers class * extends android.app.Activity {  # 保持自定义控件类不被混淆   
    public void *(android.view.View);
}
-keepclassmembers enum * {     # 保持枚举 enum 类不被混淆   
 public static **[] values();   
 public static ** valueOf(java.lang.String);
}
-keep class * implements android.os.Parcelable { # 保持 Parcelable 不被混淆 
 public static final android.os.Parcelable$Creator *;
}