proguard/mapping.txt
com.cgl.vrlauncher.Main -> com.cgl.vrlauncher.Main:
    android.widget.Button btn1 -> a
    android.widget.Button btn2 -> b
    java.lang.String TAG -> c
    void onCreate(android.os.Bundle) -> onCreate
    void onDestroy() -> onDestroy
    void onClick(android.view.View) -> onClick
com.cgl.vrlauncher.Service1 -> com.cgl.vrlauncher.Service1:
    java.lang.String LAUNCH_FEEDBACK_ACTION -> c
    java.lang.String SHUTDOWN_FEEDBACK_ACTION -> d
    java.net.DatagramSocket serverSocket -> e
    android.content.pm.PackageManager packageManager -> f
    android.app.ActivityManager activityManager -> g
    java.lang.String MY_ACTION -> h
    java.lang.String app_name -> i
    java.lang.String activity_name -> j
    java.net.InetAddress launch_addr -> k
    long launch_head_id -> l
    int launch_controller_port -> m
    java.net.InetAddress shutdown_addr -> n
    long shutdown_head_id -> o
    int shutdown_controller_port -> p
    java.lang.String TAG -> q
    java.lang.String Process_Name -> r
    int launch_flag -> a
    int shutdown_flag -> b
    java.lang.String fileDirectory -> s
    java.lang.String configFileName -> t
    java.io.File configFile -> u
    int communicationMode -> v
    android.content.BroadcastReceiver receiver -> w
    com.cgl.vrlauncher.Service_1 service_1 -> x
    int getCommunicationMode() -> a
    void onCreate() -> onCreate
    int onStartCommand(android.content.Intent,int,int) -> onStartCommand
    android.os.IBinder onBind(android.content.Intent) -> onBind
    boolean isProessRunning(android.content.Context,java.lang.String) -> a
    java.lang.String access$0(com.cgl.vrlauncher.Service1) -> a
    java.lang.String access$1(com.cgl.vrlauncher.Service1) -> b
    java.net.DatagramSocket access$2(com.cgl.vrlauncher.Service1) -> c
com.cgl.vrlauncher.Service1$1 -> com.cgl.vrlauncher.a:
    com.cgl.vrlauncher.Service1 this$0 -> a
    void onReceive(android.content.Context,android.content.Intent) -> onReceive
com.cgl.vrlauncher.Service1$2 -> com.cgl.vrlauncher.b:
    com.cgl.vrlauncher.Service1 this$0 -> a
    void stopService() -> a
    void startService() -> b
com.cgl.vrlauncher.Service1$3 -> com.cgl.vrlauncher.c:
    com.cgl.vrlauncher.Service1 this$0 -> a
    void run() -> run
com.cgl.vrlauncher.Service1$UDPTerminal -> com.cgl.vrlauncher.d:
    com.cgl.vrlauncher.Service1 this$0 -> a
    void run() -> run
com.cgl.vrlauncher.Service2 -> com.cgl.vrlauncher.Service2:
    java.lang.String TAG -> a
    java.lang.String Process_Name -> b
    com.cgl.vrlauncher.Service_2 service_2 -> c
    void onCreate() -> onCreate
    int onStartCommand(android.content.Intent,int,int) -> onStartCommand
    android.os.IBinder onBind(android.content.Intent) -> onBind
    boolean isProessRunning(android.content.Context,java.lang.String) -> a
    java.lang.String access$0(com.cgl.vrlauncher.Service2) -> a
    java.lang.String access$1(com.cgl.vrlauncher.Service2) -> b
    com.cgl.vrlauncher.Service_2 access$2(com.cgl.vrlauncher.Service2) -> c
com.cgl.vrlauncher.Service2$1 -> com.cgl.vrlauncher.e:
    com.cgl.vrlauncher.Service2 this$0 -> a
    void stopService() -> a
    void startService() -> b
com.cgl.vrlauncher.Service2$2 -> com.cgl.vrlauncher.f:
    com.cgl.vrlauncher.Service2 this$0 -> a
    void run() -> run
com.cgl.vrlauncher.Service_1 -> com.cgl.vrlauncher.g:
    void startService() -> b
    void stopService() -> a
com.cgl.vrlauncher.Service_1$Stub -> com.cgl.vrlauncher.h:
    android.os.IBinder asBinder() -> asBinder
    boolean onTransact(int,android.os.Parcel,android.os.Parcel,int) -> onTransact
com.cgl.vrlauncher.Service_2 -> com.cgl.vrlauncher.i:
    void startService() -> b
    void stopService() -> a
com.cgl.vrlauncher.Service_2$Stub -> com.cgl.vrlauncher.j:
    android.os.IBinder asBinder() -> asBinder
    boolean onTransact(int,android.os.Parcel,android.os.Parcel,int) -> onTransact
...
android.support.v4.widget.EdgeEffectCompat$EdgeEffectImpl -> android.support.v4.widget.m:
    java.lang.Object newEdgeEffect(android.content.Context) -> a
    void setSize(java.lang.Object,int,int) -> a
    boolean isFinished(java.lang.Object) -> a
    void finish(java.lang.Object) -> b
    boolean onPull(java.lang.Object,float) -> a
    boolean onRelease(java.lang.Object) -> c
    boolean draw(java.lang.Object,android.graphics.Canvas) -> a
android.support.v4.widget.EdgeEffectCompatIcs -> android.support.v4.widget.n:
    java.lang.Object newEdgeEffect(android.content.Context) -> a
    void setSize(java.lang.Object,int,int) -> a
    boolean isFinished(java.lang.Object) -> a
    void finish(java.lang.Object) -> b
    boolean onPull(java.lang.Object,float) -> a
    boolean onRelease(java.lang.Object) -> c
    boolean draw(java.lang.Object,android.graphics.Canvas) -> a
android.support.v4.widget.ScrollerCompat -> android.support.v4.widget.o:
    java.lang.Object mScroller -> a
    android.support.v4.widget.ScrollerCompat$ScrollerCompatImpl mImpl -> b
    android.support.v4.widget.ScrollerCompat create(android.content.Context,android.view.animation.Interpolator) -> a
    boolean isFinished() -> a
    int getCurrX() -> b
    int getCurrY() -> c
    int getFinalX() -> d
    int getFinalY() -> e
    boolean computeScrollOffset() -> f
    void startScroll(int,int,int,int,int) -> a
    void abortAnimation() -> g
android.support.v4.widget.ScrollerCompat$ScrollerCompatImpl -> android.support.v4.widget.p:
    java.lang.Object createScroller(android.content.Context,android.view.animation.Interpolator) -> a
    boolean isFinished(java.lang.Object) -> a
    int getCurrX(java.lang.Object) -> b
    int getCurrY(java.lang.Object) -> c
    boolean computeScrollOffset(java.lang.Object) -> d
    void startScroll(java.lang.Object,int,int,int,int,int) -> a
    void abortAnimation(java.lang.Object) -> e
    int getFinalX(java.lang.Object) -> f
    int getFinalY(java.lang.Object) -> g
android.support.v4.widget.ScrollerCompat$ScrollerCompatImplBase -> android.support.v4.widget.q:
    java.lang.Object createScroller(android.content.Context,android.view.animation.Interpolator) -> a
    boolean isFinished(java.lang.Object) -> a
    int getCurrX(java.lang.Object) -> b
    int getCurrY(java.lang.Object) -> c
    boolean computeScrollOffset(java.lang.Object) -> d
    void startScroll(java.lang.Object,int,int,int,int,int) -> a
    void abortAnimation(java.lang.Object) -> e
    int getFinalX(java.lang.Object) -> f
    int getFinalY(java.lang.Object) -> g
android.support.v4.widget.ScrollerCompat$ScrollerCompatImplGingerbread -> android.support.v4.widget.r:
    java.lang.Object createScroller(android.content.Context,android.view.animation.Interpolator) -> a
    boolean isFinished(java.lang.Object) -> a
    int getCurrX(java.lang.Object) -> b
    int getCurrY(java.lang.Object) -> c
    boolean computeScrollOffset(java.lang.Object) -> d
    void startScroll(java.lang.Object,int,int,int,int,int) -> a
    void abortAnimation(java.lang.Object) -> e
    int getFinalX(java.lang.Object) -> f
    int getFinalY(java.lang.Object) -> g
android.support.v4.widget.ScrollerCompat$ScrollerCompatImplIcs -> android.support.v4.widget.s:
android.support.v4.widget.ScrollerCompatGingerbread -> android.support.v4.widget.t:
    java.lang.Object createScroller(android.content.Context,android.view.animation.Interpolator) -> a
    boolean isFinished(java.lang.Object) -> a
    int getCurrX(java.lang.Object) -> b
    int getCurrY(java.lang.Object) -> c
    boolean computeScrollOffset(java.lang.Object) -> d
    void startScroll(java.lang.Object,int,int,int,int,int) -> a
    void abortAnimation(java.lang.Object) -> e
    int getFinalX(java.lang.Object) -> f
    int getFinalY(java.lang.Object) -> g