proguard/usage.txt
com.cgl.vrlauncher.BuildConfig
com.cgl.vrlauncher.Main:
    private com.cgl.vrlauncher.Service_1 service_1
    private com.cgl.vrlauncher.Service_2 service_2
com.cgl.vrlauncher.R
com.cgl.vrlauncher.R$attr
com.cgl.vrlauncher.R$dimen
com.cgl.vrlauncher.R$drawable
com.cgl.vrlauncher.R$id
com.cgl.vrlauncher.R$layout
com.cgl.vrlauncher.R$menu
com.cgl.vrlauncher.R$string
com.cgl.vrlauncher.R$style
com.cgl.vrlauncher.Service1:
    private static final int NOTIFY_FAKEPLAYER_ID
    64:64:static synthetic long access$4()
    65:65:static synthetic int access$5()
    67:67:static synthetic java.net.InetAddress access$7()
    68:68:static synthetic long access$8()
    69:69:static synthetic int access$9()
com.cgl.vrlauncher.Service1$UDPResponseSender
com.cgl.vrlauncher.Service_1$Stub:
    private static final java.lang.String DESCRIPTOR
    static final int TRANSACTION_startService
    static final int TRANSACTION_stopService
    23:30:public static com.cgl.vrlauncher.Service_1 asInterface(android.os.IBinder)
com.cgl.vrlauncher.Service_1$Stub$Proxy
com.cgl.vrlauncher.Service_2$Stub:
    private static final java.lang.String DESCRIPTOR
    static final int TRANSACTION_startService
    static final int TRANSACTION_stopService
    23:30:public static com.cgl.vrlauncher.Service_2 asInterface(android.os.IBinder)
com.cgl.vrlauncher.Service_2$Stub$Proxy
...
Decoder.CharacterDecoder:
    222:224:public byte[] decodeBuffer(java.io.InputStream)
    233:233:public java.nio.ByteBuffer decodeBufferToByteBuffer(java.lang.String)
    242:242:public java.nio.ByteBuffer decodeBufferToByteBuffer(java.io.InputStream)
Decoder.CharacterEncoder:
    185:187:public void encode(byte[],java.io.OutputStream)
    228:259:private byte[] getBytes(java.nio.ByteBuffer)
    272:274:public void encode(java.nio.ByteBuffer,java.io.OutputStream)
    285:286:public java.lang.String encode(java.nio.ByteBuffer)
    301:330:public void encodeBuffer(java.io.InputStream,java.io.OutputStream)
    339:341:public void encodeBuffer(byte[],java.io.OutputStream)
    349:359:public java.lang.String encodeBuffer(byte[])
    372:374:public void encodeBuffer(java.nio.ByteBuffer,java.io.OutputStream)
    385:386:public java.lang.String encodeBuffer(java.nio.ByteBuffer)
android.support.annotation.AnimRes
android.support.annotation.AnimatorRes
android.support.annotation.AnyRes
android.support.annotation.ArrayRes
android.support.annotation.AttrRes
android.support.annotation.BoolRes
android.support.annotation.ColorRes
android.support.annotation.DimenRes
android.support.annotation.DrawableRes
android.support.annotation.FractionRes
android.support.annotation.IdRes
android.support.annotation.IntDef
android.support.annotation.IntegerRes
android.support.annotation.InterpolatorRes
android.support.annotation.LayoutRes
android.support.annotation.MenuRes
android.support.annotation.NonNull
android.support.annotation.Nullable
android.support.annotation.PluralsRes
android.support.annotation.RawRes
android.support.annotation.StringDef
android.support.annotation.StringRes
android.support.annotation.StyleRes
android.support.annotation.StyleableRes
android.support.annotation.XmlRes
android.support.v4.accessibilityservice.AccessibilityServiceInfoCompat
android.support.v4.accessibilityservice.AccessibilityServiceInfoCompat$AccessibilityServiceInfoIcsImpl
android.support.v4.accessibilityservice.AccessibilityServiceInfoCompat$AccessibilityServiceInfoJellyBeanMr2
android.support.v4.accessibilityservice.AccessibilityServiceInfoCompat$AccessibilityServiceInfoStubImpl
android.support.v4.accessibilityservice.AccessibilityServiceInfoCompat$AccessibilityServiceInfoVersionImpl
android.support.v4.accessibilityservice.AccessibilityServiceInfoCompatIcs
android.support.v4.accessibilityservice.AccessibilityServiceInfoCompatJellyBeanMr2
android.support.v4.app.ActionBarDrawerToggle
android.support.v4.app.ActionBarDrawerToggle$1
android.support.v4.app.ActionBarDrawerToggle$ActionBarDrawerToggleImpl
android.support.v4.app.ActionBarDrawerToggle$ActionBarDrawerToggleImplBase
android.support.v4.app.ActionBarDrawerToggle$ActionBarDrawerToggleImplHC
android.support.v4.app.ActionBarDrawerToggle$ActionBarDrawerToggleImplJellybeanMR2
android.support.v4.app.ActionBarDrawerToggle$Delegate
android.support.v4.app.ActionBarDrawerToggle$DelegateProvider
android.support.v4.app.ActionBarDrawerToggle$SlideDrawable
android.support.v4.app.ActionBarDrawerToggleHoneycomb
android.support.v4.app.ActionBarDrawerToggleHoneycomb$SetIndicatorInfo
android.support.v4.app.ActionBarDrawerToggleJellybeanMR2
android.support.v4.app.ActivityCompat
android.support.v4.app.ActivityCompatHoneycomb:
    27:27:ActivityCompatHoneycomb()
    34:35:static void dump(android.app.Activity,java.lang.String,java.io.FileDescriptor,java.io.PrintWriter,java.lang.String[])
android.support.v4.app.ActivityCompatJB
android.support.v4.app.ActivityOptionsCompat
android.support.v4.app.ActivityOptionsCompat$ActivityOptionsImplJB
android.support.v4.app.ActivityOptionsCompatJB